[2019-04-05 14:39:56.550] [exthost1] [info] extension host started
[2019-04-05 14:39:56.581] [exthost1] [info] ExtensionService#_doActivateExtension vscode.debug-auto-launch {"startup":true,"activationEvent":"*"}
[2019-04-05 14:39:56.581] [exthost1] [info] ExtensionService#loadCommonJSModule c:\Users\schwe\.codemix\engine\resources\app\extensions\debug-auto-launch\out\extension
[2019-04-05 14:39:56.598] [exthost1] [info] ExtensionService#_doActivateExtension vscode.emmet {"startup":true,"activationEvent":"*"}
[2019-04-05 14:39:56.598] [exthost1] [info] ExtensionService#loadCommonJSModule c:\Users\schwe\.codemix\engine\resources\app\extensions\emmet\dist\extension
[2019-04-05 14:39:56.677] [exthost1] [info] ExtensionService#_doActivateExtension vscode.merge-conflict {"startup":true,"activationEvent":"*"}
[2019-04-05 14:39:56.677] [exthost1] [info] ExtensionService#loadCommonJSModule c:\Users\schwe\.codemix\engine\resources\app\extensions\merge-conflict\out\extension
[2019-04-05 14:39:56.723] [exthost1] [info] ExtensionService#_doActivateExtension vscode.search-rg {"startup":true,"activationEvent":"*"}
[2019-04-05 14:39:56.723] [exthost1] [info] ExtensionService#loadCommonJSModule c:\Users\schwe\.codemix\engine\resources\app\extensions\search-rg\out\extension
[2019-04-05 14:39:56.743] [exthost1] [info] ExtensionService#_doActivateExtension christian-kohler.path-intellisense {"startup":true,"activationEvent":"*"}
[2019-04-05 14:39:56.743] [exthost1] [info] ExtensionService#loadCommonJSModule C:\Users\schwe\.codemix\extensions\christian-kohler.path-intellisense-1.4.2\out\src\extension
[2019-04-05 14:39:56.781] [exthost1] [info] ExtensionService#_doActivateExtension dbaeumer.vscode-eslint {"startup":true,"activationEvent":"*"}
[2019-04-05 14:39:56.781] [exthost1] [info] ExtensionService#loadCommonJSModule C:\Users\schwe\.codemix\extensions\dbaeumer.vscode-eslint-1.4.10\client\out\extension
[2019-04-05 14:39:56.938] [exthost1] [info] ExtensionService#_doActivateExtension formulahendry.auto-close-tag {"startup":true,"activationEvent":"*"}
[2019-04-05 14:39:56.938] [exthost1] [info] ExtensionService#loadCommonJSModule C:\Users\schwe\.codemix\extensions\formulahendry.auto-close-tag-0.5.6\out\src\extension
[2019-04-05 14:39:56.942] [exthost1] [info] ExtensionService#_doActivateExtension formulahendry.auto-rename-tag {"startup":true,"activationEvent":"*"}
[2019-04-05 14:39:56.942] [exthost1] [info] ExtensionService#loadCommonJSModule C:\Users\schwe\.codemix\extensions\formulahendry.auto-rename-tag-0.0.15\out\src\extension
[2019-04-05 14:39:56.951] [exthost1] [info] eager extensions activated
[2019-04-05 14:39:57.395] [exthost1] [info] extension host started
[2019-04-05 14:39:57.460] [exthost1] [info] ExtensionService#_doActivateExtension vscode.debug-auto-launch {"startup":true,"activationEvent":"*"}
[2019-04-05 14:39:57.460] [exthost1] [info] ExtensionService#loadCommonJSModule c:\Users\schwe\.codemix\engine\resources\app\extensions\debug-auto-launch\out\extension
[2019-04-05 14:39:57.476] [exthost1] [info] ExtensionService#_doActivateExtension vscode.emmet {"startup":true,"activationEvent":"*"}
[2019-04-05 14:39:57.476] [exthost1] [info] ExtensionService#loadCommonJSModule c:\Users\schwe\.codemix\engine\resources\app\extensions\emmet\dist\extension
[2019-04-05 14:39:57.549] [exthost1] [info] ExtensionService#_doActivateExtension vscode.merge-conflict {"startup":true,"activationEvent":"*"}
[2019-04-05 14:39:57.549] [exthost1] [info] ExtensionService#loadCommonJSModule c:\Users\schwe\.codemix\engine\resources\app\extensions\merge-conflict\out\extension
[2019-04-05 14:39:57.586] [exthost1] [info] ExtensionService#_doActivateExtension vscode.search-rg {"startup":true,"activationEvent":"*"}
[2019-04-05 14:39:57.586] [exthost1] [info] ExtensionService#loadCommonJSModule c:\Users\schwe\.codemix\engine\resources\app\extensions\search-rg\out\extension
[2019-04-05 14:39:57.601] [exthost1] [info] ExtensionService#_doActivateExtension christian-kohler.path-intellisense {"startup":true,"activationEvent":"*"}
[2019-04-05 14:39:57.601] [exthost1] [info] ExtensionService#loadCommonJSModule C:\Users\schwe\.codemix\extensions\christian-kohler.path-intellisense-1.4.2\out\src\extension
[2019-04-05 14:39:57.625] [exthost1] [info] ExtensionService#_doActivateExtension dbaeumer.vscode-eslint {"startup":true,"activationEvent":"*"}
[2019-04-05 14:39:57.625] [exthost1] [info] ExtensionService#loadCommonJSModule C:\Users\schwe\.codemix\extensions\dbaeumer.vscode-eslint-1.4.10\client\out\extension
[2019-04-05 14:39:57.736] [exthost1] [info] ExtensionService#_doActivateExtension formulahendry.auto-close-tag {"startup":true,"activationEvent":"*"}
[2019-04-05 14:39:57.736] [exthost1] [info] ExtensionService#loadCommonJSModule C:\Users\schwe\.codemix\extensions\formulahendry.auto-close-tag-0.5.6\out\src\extension
[2019-04-05 14:39:57.739] [exthost1] [info] ExtensionService#_doActivateExtension formulahendry.auto-rename-tag {"startup":true,"activationEvent":"*"}
[2019-04-05 14:39:57.739] [exthost1] [info] ExtensionService#loadCommonJSModule C:\Users\schwe\.codemix\extensions\formulahendry.auto-rename-tag-0.0.15\out\src\extension
[2019-04-05 14:39:57.745] [exthost1] [info] eager extensions activated
[2019-04-05 14:39:57.746] [exthost1] [info] ExtensionService#_doActivateExtension vscode.configuration-editing {"startup":false,"activationEvent":"onLanguage:jsonc"}
[2019-04-05 14:39:57.746] [exthost1] [info] ExtensionService#loadCommonJSModule c:\Users\schwe\.codemix\engine\resources\app\extensions\configuration-editing\out\extension
[2019-04-05 14:39:57.763] [exthost1] [info] ExtensionService#_doActivateExtension vscode.json-language-features {"startup":false,"activationEvent":"onLanguage:jsonc"}
[2019-04-05 14:39:57.763] [exthost1] [info] ExtensionService#loadCommonJSModule c:\Users\schwe\.codemix\engine\resources\app\extensions\json-language-features\client\dist\jsonMain
[2019-04-05 14:39:57.959] [exthost1] [info] ExtensionService#_doActivateExtension vscode.typescript-language-features {"startup":false,"activationEvent":"onLanguage:jsonc"}
[2019-04-05 14:39:57.959] [exthost1] [info] ExtensionService#loadCommonJSModule c:\Users\schwe\.codemix\engine\resources\app\extensions\typescript-language-features\dist\extension
[2019-04-05 14:39:58.130] [exthost1] [info] ExtensionService#_doActivateExtension vscode.grunt {"startup":false,"activationEvent":"onCommand:workbench.action.tasks.runTask"}
[2019-04-05 14:39:58.130] [exthost1] [info] ExtensionService#loadCommonJSModule c:\Users\schwe\.codemix\engine\resources\app\extensions\grunt\out\main
[2019-04-05 14:39:58.138] [exthost1] [info] ExtensionService#_doActivateExtension vscode.gulp {"startup":false,"activationEvent":"onCommand:workbench.action.tasks.runTask"}
[2019-04-05 14:39:58.138] [exthost1] [info] ExtensionService#loadCommonJSModule c:\Users\schwe\.codemix\engine\resources\app\extensions\gulp\out\main
[2019-04-05 14:39:58.146] [exthost1] [info] ExtensionService#_doActivateExtension vscode.jake {"startup":false,"activationEvent":"onCommand:workbench.action.tasks.runTask"}
[2019-04-05 14:39:58.146] [exthost1] [info] ExtensionService#loadCommonJSModule c:\Users\schwe\.codemix\engine\resources\app\extensions\jake\out\main
[2019-04-05 14:39:58.158] [exthost1] [info] ExtensionService#_doActivateExtension vscode.npm {"startup":false,"activationEvent":"onCommand:workbench.action.tasks.runTask"}
[2019-04-05 14:39:58.158] [exthost1] [info] ExtensionService#loadCommonJSModule c:\Users\schwe\.codemix\engine\resources\app\extensions\npm\out\main
